<?xml version="1.0" encoding="UTF-8"?>
<!-- Generated by org.testng.reporters.JUnitReportReporter -->
<testsuite skipped="0" hostname="shivamk3151439" name="TestCases.temp" tests="2" failures="0" timestamp="01 Oct 2019 10:49:24 GMT" time="41.370" errors="0">
  <testcase name="temp2" time="12.792" classname="TestCases.temp"/>
  <testcase name="temp1" time="28.578" classname="TestCases.temp"/>
</testsuite> <!-- TestCases.temp -->
